-------------------------------------------------------------------------------
Test set: com.niit.sunny.CategoryDaoImplTest
-------------------------------------------------------------------------------
Tests run: 5, Failures: 1, Errors: 2, Skipped: 0, Time elapsed: 78.56 sec <<< FAILURE!
testUpdateCategory(com.niit.sunny.CategoryDaoImplTest)  Time elapsed: 0.056 sec  <<< ERROR!
java.lang.NullPointerException
	at com.niit.sunny.CategoryDaoImplTest.testUpdateCategory(CategoryDaoImplTest.java:47)

testdeleteCategory(com.niit.sunny.CategoryDaoImplTest)  Time elapsed: 0.152 sec  <<< ERROR!
java.lang.IllegalArgumentException: attempt to create delete event with null entity
	at org.hibernate.event.spi.DeleteEvent.<init>(DeleteEvent.java:31)
	at org.hibernate.internal.SessionImpl.delete(SessionImpl.java:947)
	at com.niit.DaoImpl.CategoryDaoImpl.deleteCategory(CategoryDaoImpl.java:38)
	at sun.reflect.NativeMethodAccessorImpl.invoke0(Native Method)
	at sun.reflect.NativeMethodAccessorImpl.invoke(NativeMethodAccessorImpl.java:62)
	at sun.reflect.DelegatingMethodAccessorImpl.invoke(DelegatingMethodAccessorImpl.java:43)
	at java.lang.reflect.Method.invoke(Method.java:498)
	at org.springframework.aop.support.AopUtils.invokeJoinpointUsingReflection(AopUtils.java:343)
	at org.springframework.aop.framework.ReflectiveMethodInvocation.invokeJoinpoint(ReflectiveMethodInvocation.java:198)
	at org.springframework.aop.framework.ReflectiveMethodInvocation.proceed(ReflectiveMethodInvocation.java:163)
	at org.springframework.transaction.interceptor.TransactionAspectSupport.invokeWithinTransaction(TransactionAspectSupport.java:294)
	at org.springframework.transaction.interceptor.TransactionInterceptor.invoke(TransactionInterceptor.java:98)
	at org.springframework.aop.framework.ReflectiveMethodInvocation.proceed(ReflectiveMethodInvocation.java:186)
	at org.springframework.aop.framework.JdkDynamicAopProxy.invoke(JdkDynamicAopProxy.java:212)
	at com.sun.proxy.$Proxy36.deleteCategory(Unknown Source)
	at com.niit.sunny.CategoryDaoImplTest.testdeleteCategory(CategoryDaoImplTest.java:59)

testGetCategory(com.niit.sunny.CategoryDaoImplTest)  Time elapsed: 0.523 sec  <<< FAILURE!
junit.framework.AssertionFailedError
	at junit.framework.Assert.fail(Assert.java:47)
	at junit.framework.Assert.assertTrue(Assert.java:20)
	at junit.framework.Assert.assertNotNull(Assert.java:220)
	at junit.framework.Assert.assertNotNull(Assert.java:213)
	at com.niit.sunny.CategoryDaoImplTest.testGetCategory(CategoryDaoImplTest.java:35)

