<?xml version="1.0" encoding="UTF-8" ?>
<testsuite tests="5" failures="1" name="com.niit.sunny.CategoryDaoImplTest" time="3.942" errors="2" skipped="0">
  <properties>
[...]
</properties>
  <testcase classname="com.niit.sunny.CategoryDaoImplTest" name="testGetallCategory" time="3.079"/>
  <testcase classname="com.niit.sunny.CategoryDaoImplTest" name="testUpdateCategory" time="0.056">
    <error type="java.lang.NullPointerException">java.lang.NullPointerException
	at com.niit.sunny.CategoryDaoImplTest.testUpdateCategory(CategoryDaoImplTest.java:47)
</error>
    <system-out>Hibernate: select category0_.id as id1_3_0_, category0_.categorydesc as category2_3_0_, category0_.categoryname as category3_3_0_ from Category category0_ where category0_.id=?
</system-out>
  </testcase>
  <testcase classname="com.niit.sunny.CategoryDaoImplTest" name="testdeleteCategory" time="0.152">
    <error message="attempt to create delete event with null entity" type="java.lang.IllegalArgumentException">java.lang.IllegalArgumentException: attempt to create delete event with null entity
	at org.hibernate.event.spi.DeleteEvent.&lt;init&gt;(DeleteEvent.java:31)
	at org.hibernate.internal.SessionImpl.delete(SessionImpl.java:947)
	at com.niit.DaoImpl.CategoryDaoImpl.deleteCategory(CategoryDaoImpl.java:38)
	at sun.reflect.NativeMethodAccessorImpl.invoke0(Native Method)
	at sun.reflect.NativeMethodAccessorImpl.invoke(NativeMethodAccessorImpl.java:62)
	at sun.reflect.DelegatingMethodAccessorImpl.invoke(DelegatingMethodAccessorImpl.java:43)
	at java.lang.reflect.Method.invoke(Method.java:498)
	at org.springframework.aop.support.AopUtils.invokeJoinpointUsingReflection(AopUtils.java:343)
	at org.springframework.aop.framework.ReflectiveMethodInvocation.invokeJoinpoint(ReflectiveMethodInvocation.java:198)
	at org.springframework.aop.framework.ReflectiveMethodInvocation.proceed(ReflectiveMethodInvocation.java:163)
	at org.springframework.transaction.interceptor.TransactionAspectSupport.invokeWithinTransaction(TransactionAspectSupport.java:294)
	at org.springframework.transaction.interceptor.TransactionInterceptor.invoke(TransactionInterceptor.java:98)
	at org.springframework.aop.framework.ReflectiveMethodInvocation.proceed(ReflectiveMethodInvocation.java:186)
	at org.springframework.aop.framework.JdkDynamicAopProxy.invoke(JdkDynamicAopProxy.java:212)
	at com.sun.proxy.$Proxy36.deleteCategory(Unknown Source)
	at com.niit.sunny.CategoryDaoImplTest.testdeleteCategory(CategoryDaoImplTest.java:59)
</error>
    <system-out>Hibernate: select category0_.id as id1_3_0_, category0_.categorydesc as category2_3_0_, category0_.categoryname as category3_3_0_ from Category category0_ where category0_.id=?
</system-out>
  </testcase>
  <testcase classname="com.niit.sunny.CategoryDaoImplTest" name="testSaveCategory" time="0.132"/>
  <testcase classname="com.niit.sunny.CategoryDaoImplTest" name="testGetCategory" time="0.523">
    <failure type="junit.framework.AssertionFailedError">junit.framework.AssertionFailedError
	at junit.framework.Assert.fail(Assert.java:47)
	at junit.framework.Assert.assertTrue(Assert.java:20)
	at junit.framework.Assert.assertNotNull(Assert.java:220)
	at junit.framework.Assert.assertNotNull(Assert.java:213)
	at com.niit.sunny.CategoryDaoImplTest.testGetCategory(CategoryDaoImplTest.java:35)
</failure>
    <system-out>Hibernate: select category0_.id as id1_3_0_, category0_.categorydesc as category2_3_0_, category0_.categoryname as category3_3_0_ from Category category0_ where category0_.id=?
Hibernate: select category0_.id as id1_3_0_, category0_.categorydesc as category2_3_0_, category0_.categoryname as category3_3_0_ from Category category0_ where category0_.id=?
Hibernate: select category0_.id as id1_3_0_, category0_.categorydesc as category2_3_0_, category0_.categoryname as category3_3_0_ from Category category0_ where category0_.id=?
</system-out>
  </testcase>
</testsuite>